<?xml version="1.0" encoding="UTF-8"?>
<testsuite xmlns:xsi="http://www.w3.org/2001/XMLSchema-instance" xsi:noNamespaceSchemaLocation="https://maven.apache.org/surefire/maven-surefire-plugin/xsd/surefire-test-report.xsd" name="com.creditcard.CreditCardApplicationTests" time="0.332" tests="10" errors="0" skipped="0" failures="0">
  <properties>
[...]
</properties>
  <testcase name="totalAmountWithOutOffer" classname="com.creditcard.CreditCardApplicationTests" time="0.301"/>
  <testcase name="totalAmountWithOffer" classname="com.creditcard.CreditCardApplicationTests" time="0.002"/>
  <testcase name="calculateTotalAmountWithMultipleItemsAndOffers" classname="com.creditcard.CreditCardApplicationTests" time="0.002"/>
  <testcase name="emptyBasketErrorMessage" classname="com.creditcard.CreditCardApplicationTests" time="0.001"/>
  <testcase name="nullItemTestWhileCreatingBasket" classname="com.creditcard.CreditCardApplicationTests" time="0.002"/>
  <testcase name="createBasketWithEmptyItemsTest" classname="com.creditcard.CreditCardApplicationTests" time="0.001"/>
  <testcase name="specialOfferWithOldExpiryDate" classname="com.creditcard.CreditCardApplicationTests" time="0.007"/>
  <testcase name="specialOfferWithGreaterThanCurrentExpiryDate" classname="com.creditcard.CreditCardApplicationTests" time="0.004"/>
  <testcase name="createItemWithZeroOrNegativePrice" classname="com.creditcard.CreditCardApplicationTests" time="0.001"/>
  <testcase name="discountPercentageGreaterthanZero" classname="com.creditcard.CreditCardApplicationTests" time="0.001"/>
</testsuite>